14/08/2022 09:39:17	This log contains information about the import schema operation into project 'PartyPlannerSQLDB' on computer 'DESKTOP-IPPVKT1' by user 'longw'.
14/08/2022 09:39:18	Import of database schema has started.
14/08/2022 09:39:34	Gathering database credentials
14/08/2022 09:39:35	Gathering database options
14/08/2022 09:39:35	Gathering generic database scoped configuration option
14/08/2022 09:39:35	Gathering users
14/08/2022 09:39:35	Gathering roles
14/08/2022 09:39:35	Gathering application roles
14/08/2022 09:39:35	Gathering role memberships
14/08/2022 09:39:35	Gathering filegroups
14/08/2022 09:39:35	Gathering full-text catalogs
14/08/2022 09:39:35	Gathering assemblies
14/08/2022 09:39:35	Gathering certificates
14/08/2022 09:39:35	Gathering asymmetric keys
14/08/2022 09:39:35	Gathering symmetric keys
14/08/2022 09:39:35	Gathering encrypted symmetric keys
14/08/2022 09:39:35	Gathering schemas
14/08/2022 09:39:35	Gathering XML schema collections
14/08/2022 09:39:35	Gathering user-defined data types
14/08/2022 09:39:35	Gathering user-defined types
14/08/2022 09:39:35	Gathering table types
14/08/2022 09:39:35	Gathering unique keys for table types
14/08/2022 09:39:35	Gathering primary keys for table types
14/08/2022 09:39:35	Gathering indexes for table types
14/08/2022 09:39:35	Gathering check constraints for table types
14/08/2022 09:39:35	Gathering default constraints for table types
14/08/2022 09:39:35	Gathering partition functions
14/08/2022 09:39:35	Gathering partition schemes
14/08/2022 09:39:36	Gathering functions
14/08/2022 09:39:36	Gathering encrypted functions
14/08/2022 09:39:36	Gathering aggregates
14/08/2022 09:39:36	Gathering procedures
14/08/2022 09:39:36	Gathering encrypted procedures
14/08/2022 09:39:36	Gathering tables
14/08/2022 09:39:36	Gathering primary keys
14/08/2022 09:39:36	Gathering unique constraints
14/08/2022 09:39:36	Gathering foreign keys
14/08/2022 09:39:36	Gathering default constraints
14/08/2022 09:39:36	Gathering check constraints
14/08/2022 09:39:36	Gathering views
14/08/2022 09:39:36	Gathering encrypted views
14/08/2022 09:39:36	Gathering indexes
14/08/2022 09:39:36	Gathering statistics
14/08/2022 09:39:36	Gathering full-text index stoplists
14/08/2022 09:39:36	Gathering search property lists
14/08/2022 09:39:36	Gathering search properties
14/08/2022 09:39:36	Gathering full-text indexes
14/08/2022 09:39:36	Gathering column store indexes
14/08/2022 09:39:36	Gathering spatial indexes
14/08/2022 09:39:36	Gathering XML indexes
14/08/2022 09:39:36	Gathering Selective XML indexes
14/08/2022 09:39:36	Gathering encrypted triggers
14/08/2022 09:39:36	Gathering triggers
14/08/2022 09:39:36	Gathering encrypted and clr ddl triggers
14/08/2022 09:39:36	Gathering ddl triggers
14/08/2022 09:39:36	Gathering synonyms
14/08/2022 09:39:36	Gathering defaults
14/08/2022 09:39:36	Gathering data constraint uddt bindings
14/08/2022 09:39:36	Gathering rules
14/08/2022 09:39:37	Gathering data constraint uddt bindings
14/08/2022 09:39:37	Gathering message types
14/08/2022 09:39:37	Gathering queues
14/08/2022 09:39:37	Gathering contracts
14/08/2022 09:39:37	Gathering services
14/08/2022 09:39:37	Gathering event notifications
14/08/2022 09:39:37	Gathering remote service bindings
14/08/2022 09:39:37	Gathering broker priorities
14/08/2022 09:39:37	Gathering signatures
14/08/2022 09:39:37	Gathering data compression options
14/08/2022 09:39:37	Gathering sequence types
14/08/2022 09:39:37	Gathering security policies
14/08/2022 09:39:37	Gather column encryption keys
14/08/2022 09:39:37	Gathering column master keys
14/08/2022 09:39:37	Gathering external data sources
14/08/2022 09:39:37	Gathering external file formats
14/08/2022 09:39:37	Gathering external tables
14/08/2022 09:39:37	Gathering extended properties
14/08/2022 09:39:37	Gathering assemblies
14/08/2022 09:39:37	Gathering credentials
14/08/2022 09:39:37	Gathering logins
14/08/2022 09:39:37	Gathering server audits
14/08/2022 09:39:38	Scanning project for duplicate elements
14/08/2022 09:39:38	Finished duplicate element processing
14/08/2022 09:39:39	Finished importing database.
14/08/2022 09:39:39	A summary of the import was saved to the following location: C:\Ron_Sunbelt\PartyPlannerSQLDB\Import Schema Logs\PartyPlannerSQLDB_20220814083917.log
14/08/2022 09:39:39	Click Finish to continue...
